0 info it worked if it ends with ok
1 verbose cli [ '/usr/local/Cellar/node/5.3.0/bin/node',
1 verbose cli   '/usr/local/bin/npm',
1 verbose cli   'run',
1 verbose cli   'test:watch' ]
2 info using npm@3.3.12
3 info using node@v5.3.0
4 verbose run-script [ 'pretest:watch', 'test:watch', 'posttest:watch' ]
5 info lifecycle redux-simple-starter@1.0.0~pretest:watch: redux-simple-starter@1.0.0
6 silly lifecycle redux-simple-starter@1.0.0~pretest:watch: no script for pretest:watch, continuing
7 info lifecycle redux-simple-starter@1.0.0~test:watch: redux-simple-starter@1.0.0
8 verbose lifecycle redux-simple-starter@1.0.0~test:watch: unsafe-perm in lifecycle true
9 verbose lifecycle redux-simple-starter@1.0.0~test:watch: PATH: /usr/local/lib/node_modules/npm/bin/node-gyp-bin:/Users/user/Desktop/react+redux_adv/ReduxSimpleStarter/node_modules/.bin:/Applications/Postgres.app/Contents/Versions/9.4/bin:/Users/user/.rbenv/shims:/Users/user/.rbenv/shims:/usr/local/bin:/Users/user/bin:/usr/local/bin:/usr/bin:/bin:/usr/sbin:/sbin
10 verbose lifecycle redux-simple-starter@1.0.0~test:watch: CWD: /Users/user/Desktop/react+redux_adv/ReduxSimpleStarter
11 silly lifecycle redux-simple-starter@1.0.0~test:watch: Args: [ '-c', 'npm run test -- --watch' ]
12 silly lifecycle redux-simple-starter@1.0.0~test:watch: Returned: code: 1  signal: null
13 info lifecycle redux-simple-starter@1.0.0~test:watch: Failed to exec test:watch script
14 verbose stack Error: redux-simple-starter@1.0.0 test:watch: `npm run test -- --watch`
14 verbose stack Exit status 1
14 verbose stack     at EventEmitter.<anonymous> (/usr/local/lib/node_modules/npm/lib/utils/lifecycle.js:232:16)
14 verbose stack     at emitTwo (events.js:87:13)
14 verbose stack     at EventEmitter.emit (events.js:172:7)
14 verbose stack     at ChildProcess.<anonymous> (/usr/local/lib/node_modules/npm/lib/utils/spawn.js:24:14)
14 verbose stack     at emitTwo (events.js:87:13)
14 verbose stack     at ChildProcess.emit (events.js:172:7)
14 verbose stack     at maybeClose (internal/child_process.js:818:16)
14 verbose stack     at Process.ChildProcess._handle.onexit (internal/child_process.js:211:5)
15 verbose pkgid redux-simple-starter@1.0.0
16 verbose cwd /Users/user/Desktop/react+redux_adv/ReduxSimpleStarter
17 error Darwin 15.0.0
18 error argv "/usr/local/Cellar/node/5.3.0/bin/node" "/usr/local/bin/npm" "run" "test:watch"
19 error node v5.3.0
20 error npm  v3.3.12
21 error code ELIFECYCLE
22 error redux-simple-starter@1.0.0 test:watch: `npm run test -- --watch`
22 error Exit status 1
23 error Failed at the redux-simple-starter@1.0.0 test:watch script 'npm run test -- --watch'.
23 error Make sure you have the latest version of node.js and npm installed.
23 error If you do, this is most likely a problem with the redux-simple-starter package,
23 error not with npm itself.
23 error Tell the author that this fails on your system:
23 error     npm run test -- --watch
23 error You can get their info via:
23 error     npm owner ls redux-simple-starter
23 error There is likely additional logging output above.
24 verbose exit [ 1, true ]
